<?xml version="1.0" encoding="UTF-8"?>
<coverage generated="1714424029660" clover="3.2.0">
  <project timestamp="1714424029660" name="All files">
    <metrics statements="56" coveredstatements="48" conditionals="10" coveredconditionals="8" methods="37" coveredmethods="27" elements="103" coveredelements="83" complexity="0" loc="56" ncloc="56" packages="1" files="2" classes="2"/>
    <file name="todo.js" path="/Users/ValerieRacine/Launch/JS130/ToDoClass/todo.js">
      <metrics statements="11" coveredstatements="10" conditionals="2" coveredconditionals="2" methods="6" coveredmethods="5"/>
      <line num="6" count="1" type="stmt"/>
      <line num="7" count="1" type="stmt"/>
      <line num="10" count="54" type="stmt"/>
      <line num="11" count="54" type="stmt"/>
      <line num="15" count="11" type="cond" truecount="2" falsecount="0"/>
      <line num="16" count="11" type="stmt"/>
      <line num="20" count="11" type="stmt"/>
      <line num="24" count="1" type="stmt"/>
      <line num="28" count="23" type="stmt"/>
      <line num="32" count="0" type="stmt"/>
      <line num="37" count="1" type="stmt"/>
    </file>
    <file name="todoList.js" path="/Users/ValerieRacine/Launch/JS130/ToDoClass/todoList.js">
      <metrics statements="45" coveredstatements="38" conditionals="8" coveredconditionals="6" methods="31" coveredmethods="22"/>
      <line num="4" count="1" type="stmt"/>
      <line num="8" count="21" type="stmt"/>
      <line num="9" count="21" type="stmt"/>
      <line num="13" count="59" type="cond" truecount="2" falsecount="0"/>
      <line num="14" count="3" type="stmt"/>
      <line num="16" count="56" type="stmt"/>
      <line num="21" count="1" type="stmt"/>
      <line num="25" count="1" type="stmt"/>
      <line num="29" count="1" type="stmt"/>
      <line num="33" count="4" type="stmt"/>
      <line num="34" count="3" type="stmt"/>
      <line num="38" count="3" type="stmt"/>
      <line num="39" count="2" type="stmt"/>
      <line num="40" count="2" type="stmt"/>
      <line num="45" count="2" type="stmt"/>
      <line num="46" count="1" type="stmt"/>
      <line num="47" count="1" type="stmt"/>
      <line num="51" count="4" type="stmt"/>
      <line num="55" count="1" type="stmt"/>
      <line num="56" count="1" type="stmt"/>
      <line num="60" count="1" type="stmt"/>
      <line num="61" count="1" type="stmt"/>
      <line num="65" count="2" type="stmt"/>
      <line num="66" count="1" type="stmt"/>
      <line num="70" count="5" type="stmt"/>
      <line num="71" count="11" type="stmt"/>
      <line num="72" count="5" type="stmt"/>
      <line num="76" count="4" type="stmt"/>
      <line num="80" count="1" type="stmt"/>
      <line num="81" count="1" type="stmt"/>
      <line num="82" count="3" type="cond" truecount="2" falsecount="0"/>
      <line num="83" count="1" type="stmt"/>
      <line num="86" count="1" type="stmt"/>
      <line num="90" count="0" type="stmt"/>
      <line num="94" count="0" type="stmt"/>
      <line num="98" count="0" type="stmt"/>
      <line num="102" count="0" type="stmt"/>
      <line num="103" count="0" type="cond" truecount="0" falsecount="2"/>
      <line num="104" count="0" type="stmt"/>
      <line num="109" count="6" type="stmt"/>
      <line num="113" count="0" type="stmt"/>
      <line num="117" count="4" type="stmt"/>
      <line num="121" count="11" type="cond" truecount="2" falsecount="0"/>
      <line num="122" count="4" type="stmt"/>
      <line num="128" count="1" type="stmt"/>
    </file>
  </project>
</coverage>
