{"/Users/ValerieRacine/Launch/JS130/ToDoClass/todo.js": {"path":"/Users/ValerieRacine/Launch/JS130/ToDoClass/todo.js","statementMap":{"0":{"start":{"line":6,"column":23},"end":{"line":6,"column":26}},"1":{"start":{"line":7,"column":25},"end":{"line":7,"column":28}},"2":{"start":{"line":10,"column":4},"end":{"line":10,"column":23}},"3":{"start":{"line":11,"column":4},"end":{"line":11,"column":22}},"4":{"start":{"line":15,"column":17},"end":{"line":15,"column":70}},"5":{"start":{"line":16,"column":4},"end":{"line":16,"column":39}},"6":{"start":{"line":20,"column":4},"end":{"line":20,"column":21}},"7":{"start":{"line":24,"column":4},"end":{"line":24,"column":22}},"8":{"start":{"line":28,"column":4},"end":{"line":28,"column":21}},"9":{"start":{"line":32,"column":4},"end":{"line":32,"column":22}},"10":{"start":{"line":37,"column":0},"end":{"line":37,"column":22}}},"fnMap":{"0":{"name":"(anonymous_0)","decl":{"start":{"line":9,"column":2},"end":{"line":9,"column":3}},"loc":{"start":{"line":9,"column":21},"end":{"line":12,"column":3}},"line":9},"1":{"name":"(anonymous_1)","decl":{"start":{"line":14,"column":2},"end":{"line":14,"column":3}},"loc":{"start":{"line":14,"column":13},"end":{"line":17,"column":3}},"line":14},"2":{"name":"(anonymous_2)","decl":{"start":{"line":19,"column":2},"end":{"line":19,"column":3}},"loc":{"start":{"line":19,"column":13},"end":{"line":21,"column":3}},"line":19},"3":{"name":"(anonymous_3)","decl":{"start":{"line":23,"column":2},"end":{"line":23,"column":3}},"loc":{"start":{"line":23,"column":15},"end":{"line":25,"column":3}},"line":23},"4":{"name":"(anonymous_4)","decl":{"start":{"line":27,"column":2},"end":{"line":27,"column":3}},"loc":{"start":{"line":27,"column":11},"end":{"line":29,"column":3}},"line":27},"5":{"name":"(anonymous_5)","decl":{"start":{"line":31,"column":2},"end":{"line":31,"column":3}},"loc":{"start":{"line":31,"column":13},"end":{"line":33,"column":3}},"line":31}},"branchMap":{"0":{"loc":{"start":{"line":15,"column":17},"end":{"line":15,"column":70}},"type":"cond-expr","locations":[{"start":{"line":15,"column":33},"end":{"line":15,"column":49}},{"start":{"line":15,"column":52},"end":{"line":15,"column":70}}],"line":15}},"s":{"0":1,"1":1,"2":54,"3":54,"4":11,"5":11,"6":11,"7":1,"8":23,"9":0,"10":1},"f":{"0":54,"1":11,"2":11,"3":1,"4":23,"5":0},"b":{"0":[6,5]},"_coverageSchema":"1a1c01bbd47fc00a2c39e90264f33305004495a9","hash":"e731b68f07932593420d562fa3d7f8d1b52cb981"}
,"/Users/ValerieRacine/Launch/JS130/ToDoClass/todoList.js": {"path":"/Users/ValerieRacine/Launch/JS130/ToDoClass/todoList.js","statementMap":{"0":{"start":{"line":4,"column":13},"end":{"line":4,"column":33}},"1":{"start":{"line":8,"column":4},"end":{"line":8,"column":23}},"2":{"start":{"line":9,"column":4},"end":{"line":9,"column":20}},"3":{"start":{"line":13,"column":4},"end":{"line":17,"column":5}},"4":{"start":{"line":14,"column":6},"end":{"line":14,"column":54}},"5":{"start":{"line":16,"column":6},"end":{"line":16,"column":28}},"6":{"start":{"line":21,"column":4},"end":{"line":21,"column":29}},"7":{"start":{"line":25,"column":4},"end":{"line":25,"column":25}},"8":{"start":{"line":29,"column":4},"end":{"line":29,"column":45}},"9":{"start":{"line":33,"column":4},"end":{"line":33,"column":31}},"10":{"start":{"line":34,"column":4},"end":{"line":34,"column":29}},"11":{"start":{"line":38,"column":4},"end":{"line":38,"column":29}},"12":{"start":{"line":39,"column":15},"end":{"line":39,"column":30}},"13":{"start":{"line":40,"column":4},"end":{"line":40,"column":20}},"14":{"start":{"line":45,"column":4},"end":{"line":45,"column":29}},"15":{"start":{"line":46,"column":15},"end":{"line":46,"column":30}},"16":{"start":{"line":47,"column":4},"end":{"line":47,"column":22}},"17":{"start":{"line":51,"column":4},"end":{"line":51,"column":58}},"18":{"start":{"line":51,"column":38},"end":{"line":51,"column":56}},"19":{"start":{"line":55,"column":16},"end":{"line":55,"column":34}},"20":{"start":{"line":56,"column":4},"end":{"line":56,"column":17}},"21":{"start":{"line":60,"column":15},"end":{"line":60,"column":31}},"22":{"start":{"line":61,"column":4},"end":{"line":61,"column":16}},"23":{"start":{"line":65,"column":4},"end":{"line":65,"column":29}},"24":{"start":{"line":66,"column":4},"end":{"line":66,"column":37}},"25":{"start":{"line":70,"column":16},"end":{"line":70,"column":41}},"26":{"start":{"line":71,"column":15},"end":{"line":71,"column":65}},"27":{"start":{"line":71,"column":38},"end":{"line":71,"column":53}},"28":{"start":{"line":72,"column":4},"end":{"line":72,"column":31}},"29":{"start":{"line":76,"column":4},"end":{"line":76,"column":33}},"30":{"start":{"line":80,"column":18},"end":{"line":80,"column":42}},"31":{"start":{"line":81,"column":4},"end":{"line":85,"column":6}},"32":{"start":{"line":82,"column":6},"end":{"line":84,"column":7}},"33":{"start":{"line":83,"column":8},"end":{"line":83,"column":26}},"34":{"start":{"line":86,"column":4},"end":{"line":86,"column":19}},"35":{"start":{"line":90,"column":4},"end":{"line":90,"column":66}},"36":{"start":{"line":90,"column":31},"end":{"line":90,"column":56}},"37":{"start":{"line":94,"column":4},"end":{"line":94,"column":46}},"38":{"start":{"line":94,"column":31},"end":{"line":94,"column":44}},"39":{"start":{"line":98,"column":4},"end":{"line":98,"column":46}},"40":{"start":{"line":98,"column":31},"end":{"line":98,"column":45}},"41":{"start":{"line":102,"column":15},"end":{"line":102,"column":38}},"42":{"start":{"line":103,"column":4},"end":{"line":105,"column":5}},"43":{"start":{"line":104,"column":6},"end":{"line":104,"column":22}},"44":{"start":{"line":109,"column":4},"end":{"line":109,"column":42}},"45":{"start":{"line":109,"column":25},"end":{"line":109,"column":40}},"46":{"start":{"line":113,"column":4},"end":{"line":113,"column":44}},"47":{"start":{"line":113,"column":25},"end":{"line":113,"column":42}},"48":{"start":{"line":117,"column":4},"end":{"line":117,"column":30}},"49":{"start":{"line":121,"column":4},"end":{"line":123,"column":5}},"50":{"start":{"line":122,"column":6},"end":{"line":122,"column":58}},"51":{"start":{"line":128,"column":0},"end":{"line":128,"column":26}}},"fnMap":{"0":{"name":"(anonymous_0)","decl":{"start":{"line":7,"column":2},"end":{"line":7,"column":3}},"loc":{"start":{"line":7,"column":21},"end":{"line":10,"column":3}},"line":7},"1":{"name":"(anonymous_1)","decl":{"start":{"line":12,"column":2},"end":{"line":12,"column":3}},"loc":{"start":{"line":12,"column":12},"end":{"line":18,"column":3}},"line":12},"2":{"name":"(anonymous_2)","decl":{"start":{"line":20,"column":2},"end":{"line":20,"column":3}},"loc":{"start":{"line":20,"column":9},"end":{"line":22,"column":3}},"line":20},"3":{"name":"(anonymous_3)","decl":{"start":{"line":24,"column":2},"end":{"line":24,"column":3}},"loc":{"start":{"line":24,"column":10},"end":{"line":26,"column":3}},"line":24},"4":{"name":"(anonymous_4)","decl":{"start":{"line":28,"column":2},"end":{"line":28,"column":3}},"loc":{"start":{"line":28,"column":9},"end":{"line":30,"column":3}},"line":28},"5":{"name":"(anonymous_5)","decl":{"start":{"line":32,"column":2},"end":{"line":32,"column":3}},"loc":{"start":{"line":32,"column":16},"end":{"line":35,"column":3}},"line":32},"6":{"name":"(anonymous_6)","decl":{"start":{"line":37,"column":2},"end":{"line":37,"column":3}},"loc":{"start":{"line":37,"column":18},"end":{"line":42,"column":3}},"line":37},"7":{"name":"(anonymous_7)","decl":{"start":{"line":44,"column":2},"end":{"line":44,"column":3}},"loc":{"start":{"line":44,"column":20},"end":{"line":48,"column":3}},"line":44},"8":{"name":"(anonymous_8)","decl":{"start":{"line":50,"column":2},"end":{"line":50,"column":3}},"loc":{"start":{"line":50,"column":11},"end":{"line":52,"column":3}},"line":50},"9":{"name":"(anonymous_9)","decl":{"start":{"line":51,"column":28},"end":{"line":51,"column":29}},"loc":{"start":{"line":51,"column":38},"end":{"line":51,"column":56}},"line":51},"10":{"name":"(anonymous_10)","decl":{"start":{"line":54,"column":2},"end":{"line":54,"column":3}},"loc":{"start":{"line":54,"column":10},"end":{"line":57,"column":3}},"line":54},"11":{"name":"(anonymous_11)","decl":{"start":{"line":59,"column":2},"end":{"line":59,"column":3}},"loc":{"start":{"line":59,"column":8},"end":{"line":62,"column":3}},"line":59},"12":{"name":"(anonymous_12)","decl":{"start":{"line":64,"column":2},"end":{"line":64,"column":3}},"loc":{"start":{"line":64,"column":16},"end":{"line":67,"column":3}},"line":64},"13":{"name":"(anonymous_13)","decl":{"start":{"line":69,"column":2},"end":{"line":69,"column":3}},"loc":{"start":{"line":69,"column":13},"end":{"line":73,"column":3}},"line":69},"14":{"name":"(anonymous_14)","decl":{"start":{"line":71,"column":30},"end":{"line":71,"column":31}},"loc":{"start":{"line":71,"column":38},"end":{"line":71,"column":53}},"line":71},"15":{"name":"(anonymous_15)","decl":{"start":{"line":75,"column":2},"end":{"line":75,"column":3}},"loc":{"start":{"line":75,"column":20},"end":{"line":77,"column":3}},"line":75},"16":{"name":"(anonymous_16)","decl":{"start":{"line":79,"column":2},"end":{"line":79,"column":3}},"loc":{"start":{"line":79,"column":19},"end":{"line":87,"column":3}},"line":79},"17":{"name":"(anonymous_17)","decl":{"start":{"line":81,"column":17},"end":{"line":81,"column":18}},"loc":{"start":{"line":81,"column":27},"end":{"line":85,"column":5}},"line":81},"18":{"name":"(anonymous_18)","decl":{"start":{"line":89,"column":2},"end":{"line":89,"column":3}},"loc":{"start":{"line":89,"column":21},"end":{"line":91,"column":3}},"line":89},"19":{"name":"(anonymous_19)","decl":{"start":{"line":90,"column":23},"end":{"line":90,"column":24}},"loc":{"start":{"line":90,"column":31},"end":{"line":90,"column":56}},"line":90},"20":{"name":"(anonymous_20)","decl":{"start":{"line":93,"column":2},"end":{"line":93,"column":3}},"loc":{"start":{"line":93,"column":11},"end":{"line":95,"column":3}},"line":93},"21":{"name":"(anonymous_21)","decl":{"start":{"line":94,"column":23},"end":{"line":94,"column":24}},"loc":{"start":{"line":94,"column":31},"end":{"line":94,"column":44}},"line":94},"22":{"name":"(anonymous_22)","decl":{"start":{"line":97,"column":2},"end":{"line":97,"column":3}},"loc":{"start":{"line":97,"column":15},"end":{"line":99,"column":3}},"line":97},"23":{"name":"(anonymous_23)","decl":{"start":{"line":98,"column":23},"end":{"line":98,"column":24}},"loc":{"start":{"line":98,"column":31},"end":{"line":98,"column":45}},"line":98},"24":{"name":"(anonymous_24)","decl":{"start":{"line":101,"column":2},"end":{"line":101,"column":3}},"loc":{"start":{"line":101,"column":18},"end":{"line":106,"column":3}},"line":101},"25":{"name":"(anonymous_25)","decl":{"start":{"line":108,"column":2},"end":{"line":108,"column":3}},"loc":{"start":{"line":108,"column":16},"end":{"line":110,"column":3}},"line":108},"26":{"name":"(anonymous_26)","decl":{"start":{"line":109,"column":17},"end":{"line":109,"column":18}},"loc":{"start":{"line":109,"column":25},"end":{"line":109,"column":40}},"line":109},"27":{"name":"(anonymous_27)","decl":{"start":{"line":112,"column":2},"end":{"line":112,"column":3}},"loc":{"start":{"line":112,"column":18},"end":{"line":114,"column":3}},"line":112},"28":{"name":"(anonymous_28)","decl":{"start":{"line":113,"column":17},"end":{"line":113,"column":18}},"loc":{"start":{"line":113,"column":25},"end":{"line":113,"column":42}},"line":113},"29":{"name":"(anonymous_29)","decl":{"start":{"line":116,"column":2},"end":{"line":116,"column":3}},"loc":{"start":{"line":116,"column":12},"end":{"line":118,"column":3}},"line":116},"30":{"name":"(anonymous_30)","decl":{"start":{"line":120,"column":2},"end":{"line":120,"column":3}},"loc":{"start":{"line":120,"column":24},"end":{"line":124,"column":3}},"line":120}},"branchMap":{"0":{"loc":{"start":{"line":13,"column":4},"end":{"line":17,"column":5}},"type":"if","locations":[{"start":{"line":13,"column":4},"end":{"line":17,"column":5}},{"start":{"line":15,"column":11},"end":{"line":17,"column":5}}],"line":13},"1":{"loc":{"start":{"line":82,"column":6},"end":{"line":84,"column":7}},"type":"if","locations":[{"start":{"line":82,"column":6},"end":{"line":84,"column":7}},{"start":{},"end":{}}],"line":82},"2":{"loc":{"start":{"line":103,"column":4},"end":{"line":105,"column":5}},"type":"if","locations":[{"start":{"line":103,"column":4},"end":{"line":105,"column":5}},{"start":{},"end":{}}],"line":103},"3":{"loc":{"start":{"line":121,"column":4},"end":{"line":123,"column":5}},"type":"if","locations":[{"start":{"line":121,"column":4},"end":{"line":123,"column":5}},{"start":{},"end":{}}],"line":121}},"s":{"0":1,"1":21,"2":21,"3":59,"4":3,"5":56,"6":1,"7":1,"8":1,"9":4,"10":3,"11":3,"12":2,"13":2,"14":2,"15":1,"16":1,"17":2,"18":4,"19":1,"20":1,"21":1,"22":1,"23":2,"24":1,"25":5,"26":5,"27":11,"28":5,"29":4,"30":1,"31":1,"32":3,"33":1,"34":1,"35":0,"36":0,"37":0,"38":0,"39":0,"40":0,"41":0,"42":0,"43":0,"44":2,"45":6,"46":0,"47":0,"48":4,"49":11,"50":4,"51":1},"f":{"0":21,"1":59,"2":1,"3":1,"4":1,"5":4,"6":3,"7":2,"8":2,"9":4,"10":1,"11":1,"12":2,"13":5,"14":11,"15":4,"16":1,"17":3,"18":0,"19":0,"20":0,"21":0,"22":0,"23":0,"24":0,"25":2,"26":6,"27":0,"28":0,"29":4,"30":11},"b":{"0":[3,56],"1":[1,2],"2":[0,0],"3":[4,7]},"_coverageSchema":"1a1c01bbd47fc00a2c39e90264f33305004495a9","hash":"a20393bd30bf35041325bd558c0ad5a67e0eda85"}
}
