TN:
SF:todo.js
FN:9,(anonymous_0)
FN:14,(anonymous_1)
FN:19,(anonymous_2)
FN:23,(anonymous_3)
FN:27,(anonymous_4)
FN:31,(anonymous_5)
FNF:6
FNH:5
FNDA:54,(anonymous_0)
FNDA:11,(anonymous_1)
FNDA:11,(anonymous_2)
FNDA:1,(anonymous_3)
FNDA:23,(anonymous_4)
FNDA:0,(anonymous_5)
DA:6,1
DA:7,1
DA:10,54
DA:11,54
DA:15,11
DA:16,11
DA:20,11
DA:24,1
DA:28,23
DA:32,0
DA:37,1
LF:11
LH:10
BRDA:15,0,0,6
BRDA:15,0,1,5
BRF:2
BRH:2
end_of_record
TN:
SF:todoList.js
FN:7,(anonymous_0)
FN:12,(anonymous_1)
FN:20,(anonymous_2)
FN:24,(anonymous_3)
FN:28,(anonymous_4)
FN:32,(anonymous_5)
FN:37,(anonymous_6)
FN:44,(anonymous_7)
FN:50,(anonymous_8)
FN:51,(anonymous_9)
FN:54,(anonymous_10)
FN:59,(anonymous_11)
FN:64,(anonymous_12)
FN:69,(anonymous_13)
FN:71,(anonymous_14)
FN:75,(anonymous_15)
FN:79,(anonymous_16)
FN:81,(anonymous_17)
FN:89,(anonymous_18)
FN:90,(anonymous_19)
FN:93,(anonymous_20)
FN:94,(anonymous_21)
FN:97,(anonymous_22)
FN:98,(anonymous_23)
FN:101,(anonymous_24)
FN:108,(anonymous_25)
FN:109,(anonymous_26)
FN:112,(anonymous_27)
FN:113,(anonymous_28)
FN:116,(anonymous_29)
FN:120,(anonymous_30)
FNF:31
FNH:22
FNDA:21,(anonymous_0)
FNDA:59,(anonymous_1)
FNDA:1,(anonymous_2)
FNDA:1,(anonymous_3)
FNDA:1,(anonymous_4)
FNDA:4,(anonymous_5)
FNDA:3,(anonymous_6)
FNDA:2,(anonymous_7)
FNDA:2,(anonymous_8)
FNDA:4,(anonymous_9)
FNDA:1,(anonymous_10)
FNDA:1,(anonymous_11)
FNDA:2,(anonymous_12)
FNDA:5,(anonymous_13)
FNDA:11,(anonymous_14)
FNDA:4,(anonymous_15)
FNDA:1,(anonymous_16)
FNDA:3,(anonymous_17)
FNDA:0,(anonymous_18)
FNDA:0,(anonymous_19)
FNDA:0,(anonymous_20)
FNDA:0,(anonymous_21)
FNDA:0,(anonymous_22)
FNDA:0,(anonymous_23)
FNDA:0,(anonymous_24)
FNDA:2,(anonymous_25)
FNDA:6,(anonymous_26)
FNDA:0,(anonymous_27)
FNDA:0,(anonymous_28)
FNDA:4,(anonymous_29)
FNDA:11,(anonymous_30)
DA:4,1
DA:8,21
DA:9,21
DA:13,59
DA:14,3
DA:16,56
DA:21,1
DA:25,1
DA:29,1
DA:33,4
DA:34,3
DA:38,3
DA:39,2
DA:40,2
DA:45,2
DA:46,1
DA:47,1
DA:51,4
DA:55,1
DA:56,1
DA:60,1
DA:61,1
DA:65,2
DA:66,1
DA:70,5
DA:71,11
DA:72,5
DA:76,4
DA:80,1
DA:81,1
DA:82,3
DA:83,1
DA:86,1
DA:90,0
DA:94,0
DA:98,0
DA:102,0
DA:103,0
DA:104,0
DA:109,6
DA:113,0
DA:117,4
DA:121,11
DA:122,4
DA:128,1
LF:45
LH:38
BRDA:13,0,0,3
BRDA:13,0,1,56
BRDA:82,1,0,1
BRDA:82,1,1,2
BRDA:103,2,0,0
BRDA:103,2,1,0
BRDA:121,3,0,4
BRDA:121,3,1,7
BRF:8
BRH:6
end_of_record
